Starting Mednafen 0.9.48
 Build information:
   Compiled with gcc 7.2.0
   Compiled against zlib 1.2.11, running with zlib 1.2.11(flags=0x000000a9)
   Compiled against SDL 1.2.15, running with SDL 1.2.15
   Running with libsndfile-1.0.28
 Base directory: /home/abhinavtirath/.mednafen
 Emulation modules: nes snes gb gba pce lynx md pcfx ngp psx ss ssfplay vb wswan sms gg snes_faust pce_fast demo cdplay
 Loading settings from "/home/abhinavtirath/.mednafen/mednafen-09x.cfg"...
  Loaded 14 valid settings and 0 unknown settings.
 Initializing joysticks...
 Loading Game.gba...
  Applying IPS file "./Game.gba.ips"...
   Failed: Error opening file "./Game.gba.ips": No such file or directory
  Using module: gba(GameBoy Advance)
   Loading override settings from "/home/abhinavtirath/.mednafen/gba.cfg"...
    Failed: Error opening file "/home/abhinavtirath/.mednafen/gba.cfg": No such file or directory
   Loading override settings from "/home/abhinavtirath/.mednafen/pgconfig/Game.gba.cfg"...
    Failed: Error opening file "/home/abhinavtirath/.mednafen/pgconfig/Game.gba.cfg": No such file or directory

   ROM:       209KiB
   ROM CRC32: 0xb52340a4
   ROM MD5:   0xef55749ce64f23780985ff0c54d2ea40

  Loading custom palette from "/home/abhinavtirath/.mednafen/palettes/gba.pal"...
   Error: Error opening file "/home/abhinavtirath/.mednafen/palettes/gba.pal": No such file or directory

  Loading cheats from /home/abhinavtirath/.mednafen/cheats/gba.cht...
   Error opening file "/home/abhinavtirath/.mednafen/cheats/gba.cht": No such file or directory

 Initializing sound...
  Using "ALSA" audio driver with SexyAL's default device selection.ALSA Error: snd_pcm_open(&alsa_pcm, id ? id : "hw:0", SND_PCM_STREAM_PLAYBACK, 0) Device or resource busy
Error opening a sound device.
Initializing video...
  Video Driver: OpenGL
  Video Mode: 960 x 640 x 32 bpp
  Shader: none
  Fullscreen: No
  Special Scaler: None
  Scanlines: Off
  Destination Rectangle: X=0, Y=0, W=960, H=640
  OpenGL Implementation: VMware, Inc. SVGA3D; build: RELEASE;  LLVM; 3.0 Mesa 18.0.5
  Checking extensions:
   GL_ARB_texture_non_power_of_two found.
   GL_ARB_sync found.
  Using non-power-of-2 sized textures.
  Checking maximum texture size...
   Apparently it is at least: 4096 x 4096
  Using GL_BGRA, GL_UNSIGNED_INT_8_8_8_8_REV for texture source data.
